# JRE version: OpenJDK Runtime Environment (21.0.10) (build 21.0.10+-14961533-b1163.108)
# Java VM: OpenJDK 64-Bit Server VM (21.0.10+-14961533-b1163.108, mixed mode, tiered, compressed oops, compressed class ptrs, g1 gc, windows-amd64)
GC Precious Log:
 CardTable entry size: 512
 Card Set container configuration: InlinePtr #cards 5 size 8 Array Of Cards #cards 12 size 40 Howl #buckets 4 coarsen threshold 1843 Howl Bitmap #cards 512 size 80 coarsen threshold 460 Card regions per heap region 1 cards per card region 2048
 CPUs: 4 total, 4 available
 Memory: 8101M
 Large Page Support: Disabled
 NUMA Support: Disabled
 Compressed Oops: Enabled (32-bit)
 Heap Region Size: 1M
 Heap Min Capacity: 8M
 Heap Initial Capacity: 128M
 Heap Max Capacity: 2G
 Pre-touch: Disabled
 Parallel Workers: 4
 Concurrent Workers: 1
 Concurrent Refinement Workers: 4
 Periodic GC: Disabled
Heap:
 garbage-first heap   total 143360K, used 118337K [0x0000000080000000, 0x0000000100000000)
  region size 1024K, 51 young (52224K), 8 survivors (8192K)
 Metaspace       used 88378K, committed 90304K, reserved 1179648K
  class space    used 12289K, committed 13248K, reserved 1048576K
GC Heap History (20 events):
Event: 6.961 GC heap before
{Heap before GC invocations=13 (full 0):
 garbage-first heap   total 86016K, used 51380K [0x0000000080000000, 0x0000000100000000)
  region size 1024K, 20 young (20480K), 3 survivors (3072K)
 Metaspace       used 58919K, committed 60608K, reserved 1114112K
  class space    used 8188K, committed 9024K, reserved 1048576K
}
Event: 6.967 GC heap after
{Heap after GC invocations=14 (full 0):
 garbage-first heap   total 86016K, used 35600K [0x0000000080000000, 0x0000000100000000)
  region size 1024K, 4 young (4096K), 4 survivors (4096K)
 Metaspace       used 58919K, committed 60608K, reserved 1114112K
  class space    used 8188K, committed 9024K, reserved 1048576K
}
Event: 7.890 GC heap before
{Heap before GC invocations=15 (full 0):
 garbage-first heap   total 86016K, used 75536K [0x0000000080000000, 0x0000000100000000)
  region size 1024K, 43 young (44032K), 4 survivors (4096K)
 Metaspace       used 63691K, committed 65408K, reserved 1114112K
  class space    used 8971K, committed 9792K, reserved 1048576K
}
Event: 7.899 GC heap after
{Heap after GC invocations=16 (full 0):
 garbage-first heap   total 86016K, used 37785K [0x0000000080000000, 0x0000000100000000)
  region size 1024K, 6 young (6144K), 6 survivors (6144K)
 Metaspace       used 63691K, committed 65408K, reserved 1114112K
  class space    used 8971K, committed 9792K, reserved 1048576K
}
Event: 8.973 GC heap before
{Heap before GC invocations=16 (full 0):
 garbage-first heap   total 86016K, used 75673K [0x0000000080000000, 0x0000000100000000)
  region size 1024K, 44 young (45056K), 6 survivors (6144K)
 Metaspace       used 69118K, committed 70848K, reserved 1114112K
  class space    used 9755K, committed 10560K, reserved 1048576K
}
Event: 8.987 GC heap after
{Heap after GC invocations=17 (full 0):
 garbage-first heap   total 104448K, used 40019K [0x0000000080000000, 0x0000000100000000)
  region size 1024K, 6 young (6144K), 6 survivors (6144K)
 Metaspace       used 69118K, committed 70848K, reserved 1114112K
  class space    used 9755K, committed 10560K, reserved 1048576K
}
Event: 10.526 GC heap before
{Heap before GC invocations=17 (full 0):
 garbage-first heap   total 104448K, used 92243K [0x0000000080000000, 0x0000000100000000)
  region size 1024K, 58 young (59392K), 6 survivors (6144K)
 Metaspace       used 71980K, committed 73792K, reserved 1114112K
  class space    used 10131K, committed 11008K, reserved 1048576K
}
Event: 10.538 GC heap after
{Heap after GC invocations=18 (full 0):
 garbage-first heap   total 105472K, used 45122K [0x0000000080000000, 0x0000000100000000)
  region size 1024K, 8 young (8192K), 8 survivors (8192K)
 Metaspace       used 71980K, committed 73792K, reserved 1114112K
  class space    used 10131K, committed 11008K, reserved 1048576K
}
Event: 11.152 GC heap before
{Heap before GC invocations=18 (full 0):
 garbage-first heap   total 105472K, used 94274K [0x0000000080000000, 0x0000000100000000)
  region size 1024K, 56 young (57344K), 8 survivors (8192K)
 Metaspace       used 72347K, committed 74176K, reserved 1114112K
  class space    used 10132K, committed 11008K, reserved 1048576K
}
Event: 11.161 GC heap after
{Heap after GC invocations=19 (full 0):
 garbage-first heap   total 105472K, used 47175K [0x0000000080000000, 0x0000000100000000)
  region size 1024K, 3 young (3072K), 3 survivors (3072K)
 Metaspace       used 72347K, committed 74176K, reserved 1114112K
  class space    used 10132K, committed 11008K, reserved 1048576K
}
Event: 11.535 GC heap before
{Heap before GC invocations=19 (full 0):
 garbage-first heap   total 105472K, used 94279K [0x0000000080000000, 0x0000000100000000)
  region size 1024K, 50 young (51200K), 3 survivors (3072K)
 Metaspace       used 72368K, committed 74176K, reserved 1114112K
  class space    used 10132K, committed 11008K, reserved 1048576K
}
Event: 11.538 GC heap after
{Heap after GC invocations=20 (full 0):
 garbage-first heap   total 105472K, used 48299K [0x0000000080000000, 0x0000000100000000)
  region size 1024K, 4 young (4096K), 4 survivors (4096K)
 Metaspace       used 72368K, committed 74176K, reserved 1114112K
  class space    used 10132K, committed 11008K, reserved 1048576K
}
Event: 12.145 GC heap before
{Heap before GC invocations=21 (full 0):
 garbage-first heap   total 106496K, used 104619K [0x0000000080000000, 0x0000000100000000)
  region size 1024K, 49 young (50176K), 4 survivors (4096K)
 Metaspace       used 74066K, committed 75904K, reserved 1114112K
  class space    used 10356K, committed 11264K, reserved 1048576K
}
Event: 12.153 GC heap after
{Heap after GC invocations=22 (full 0):
 garbage-first heap   total 117760K, used 66220K [0x0000000080000000, 0x0000000100000000)
  region size 1024K, 7 young (7168K), 7 survivors (7168K)
 Metaspace       used 74066K, committed 75904K, reserved 1114112K
  class space    used 10356K, committed 11264K, reserved 1048576K
}
Event: 12.609 GC heap before
{Heap before GC invocations=22 (full 0):
 garbage-first heap   total 117760K, used 104108K [0x0000000080000000, 0x0000000100000000)
  region size 1024K, 44 young (45056K), 7 survivors (7168K)
 Metaspace       used 77198K, committed 79040K, reserved 1179648K
  class space    used 10749K, committed 11648K, reserved 1048576K
}
Event: 12.618 GC heap after
{Heap after GC invocations=23 (full 0):
 garbage-first heap   total 117760K, used 67688K [0x0000000080000000, 0x0000000100000000)
  region size 1024K, 2 young (2048K), 2 survivors (2048K)
 Metaspace       used 77198K, committed 79040K, reserved 1179648K
  class space    used 10749K, committed 11648K, reserved 1048576K
}
Event: 13.138 GC heap before
{Heap before GC invocations=23 (full 0):
 garbage-first heap   total 117760K, used 105576K [0x0000000080000000, 0x0000000100000000)
  region size 1024K, 39 young (39936K), 2 survivors (2048K)
 Metaspace       used 81015K, committed 83008K, reserved 1179648K
  class space    used 11296K, committed 12288K, reserved 1048576K
}
Event: 13.142 GC heap after
{Heap after GC invocations=24 (full 0):
 garbage-first heap   total 141312K, used 68769K [0x0000000080000000, 0x0000000100000000)
  region size 1024K, 3 young (3072K), 3 survivors (3072K)
 Metaspace       used 81015K, committed 83008K, reserved 1179648K
  class space    used 11296K, committed 12288K, reserved 1048576K
}
Event: 14.922 GC heap before
{Heap before GC invocations=25 (full 0):
 garbage-first heap   total 141312K, used 134305K [0x0000000080000000, 0x0000000100000000)
  region size 1024K, 62 young (63488K), 3 survivors (3072K)
 Metaspace       used 84958K, committed 86976K, reserved 1179648K
  class space    used 11823K, committed 12800K, reserved 1048576K
}
Event: 14.938 GC heap after
{Heap after GC invocations=26 (full 0):
 garbage-first heap   total 143360K, used 75329K [0x0000000080000000, 0x0000000100000000)
  region size 1024K, 8 young (8192K), 8 survivors (8192K)
 Metaspace       used 84958K, committed 86976K, reserved 1179648K
  class space    used 11823K, committed 12800K, reserved 1048576K
}

