# JRE version: OpenJDK Runtime Environment (21.0.10) (build 21.0.10+-14961533-b1163.108)
# Java VM: OpenJDK 64-Bit Server VM (21.0.10+-14961533-b1163.108, mixed mode, tiered, compressed oops, compressed class ptrs, g1 gc, windows-amd64)
GC Precious Log:
 CardTable entry size: 512
 Card Set container configuration: InlinePtr #cards 5 size 8 Array Of Cards #cards 12 size 40 Howl #buckets 4 coarsen threshold 1843 Howl Bitmap #cards 512 size 80 coarsen threshold 460 Card regions per heap region 1 cards per card region 2048
 CPUs: 4 total, 4 available
 Memory: 8101M
 Large Page Support: Disabled
 NUMA Support: Disabled
 Compressed Oops: Enabled (32-bit)
 Heap Region Size: 1M
 Heap Min Capacity: 8M
 Heap Initial Capacity: 128M
 Heap Max Capacity: 2G
 Pre-touch: Disabled
 Parallel Workers: 4
 Concurrent Workers: 1
 Concurrent Refinement Workers: 4
 Periodic GC: Disabled
Heap:
 garbage-first heap   total 193536K, used 126976K [0x0000000080000000, 0x0000000100000000)
  region size 1024K, 34 young (34816K), 8 survivors (8192K)
 Metaspace       used 118079K, committed 120384K, reserved 1179648K
  class space    used 16675K, committed 17792K, reserved 1048576K
GC Heap History (20 events):
Event: 35.514 GC heap before
{Heap before GC invocations=26 (full 0):
 garbage-first heap   total 128000K, used 116805K [0x0000000080000000, 0x0000000100000000)
  region size 1024K, 46 young (47104K), 6 survivors (6144K)
 Metaspace       used 86877K, committed 88832K, reserved 1179648K
  class space    used 12082K, committed 13056K, reserved 1048576K
}
Event: 35.523 GC heap after
{Heap after GC invocations=27 (full 0):
 garbage-first heap   total 128000K, used 77249K [0x0000000080000000, 0x0000000100000000)
  region size 1024K, 3 young (3072K), 3 survivors (3072K)
 Metaspace       used 86877K, committed 88832K, reserved 1179648K
  class space    used 12082K, committed 13056K, reserved 1048576K
}
Event: 36.556 GC heap before
{Heap before GC invocations=27 (full 0):
 garbage-first heap   total 128000K, used 117185K [0x0000000080000000, 0x0000000100000000)
  region size 1024K, 42 young (43008K), 3 survivors (3072K)
 Metaspace       used 91149K, committed 93120K, reserved 1179648K
  class space    used 12685K, committed 13632K, reserved 1048576K
}
Event: 36.563 GC heap after
{Heap after GC invocations=28 (full 0):
 garbage-first heap   total 128000K, used 78560K [0x0000000080000000, 0x0000000100000000)
  region size 1024K, 4 young (4096K), 4 survivors (4096K)
 Metaspace       used 91149K, committed 93120K, reserved 1179648K
  class space    used 12685K, committed 13632K, reserved 1048576K
}
Event: 37.255 GC heap before
{Heap before GC invocations=29 (full 0):
 garbage-first heap   total 133120K, used 118496K [0x0000000080000000, 0x0000000100000000)
  region size 1024K, 43 young (44032K), 4 survivors (4096K)
 Metaspace       used 93628K, committed 95616K, reserved 1179648K
  class space    used 13000K, committed 13952K, reserved 1048576K
}
Event: 37.268 GC heap after
{Heap after GC invocations=30 (full 0):
 garbage-first heap   total 133120K, used 81770K [0x0000000080000000, 0x0000000100000000)
  region size 1024K, 5 young (5120K), 5 survivors (5120K)
 Metaspace       used 93628K, committed 95616K, reserved 1179648K
  class space    used 13000K, committed 13952K, reserved 1048576K
}
Event: 38.070 GC heap before
{Heap before GC invocations=30 (full 0):
 garbage-first heap   total 133120K, used 122730K [0x0000000080000000, 0x0000000100000000)
  region size 1024K, 45 young (46080K), 5 survivors (5120K)
 Metaspace       used 95244K, committed 97216K, reserved 1179648K
  class space    used 13234K, committed 14208K, reserved 1048576K
}
Event: 38.086 GC heap after
{Heap after GC invocations=31 (full 0):
 garbage-first heap   total 159744K, used 84177K [0x0000000080000000, 0x0000000100000000)
  region size 1024K, 6 young (6144K), 6 survivors (6144K)
 Metaspace       used 95244K, committed 97216K, reserved 1179648K
  class space    used 13234K, committed 14208K, reserved 1048576K
}
Event: 39.086 GC heap before
{Heap before GC invocations=31 (full 0):
 garbage-first heap   total 159744K, used 140497K [0x0000000080000000, 0x0000000100000000)
  region size 1024K, 61 young (62464K), 6 survivors (6144K)
 Metaspace       used 98949K, committed 100992K, reserved 1179648K
  class space    used 13743K, committed 14720K, reserved 1048576K
}
Event: 39.094 GC heap after
{Heap after GC invocations=32 (full 0):
 garbage-first heap   total 159744K, used 87234K [0x0000000080000000, 0x0000000100000000)
  region size 1024K, 6 young (6144K), 6 survivors (6144K)
 Metaspace       used 98949K, committed 100992K, reserved 1179648K
  class space    used 13743K, committed 14720K, reserved 1048576K
}
Event: 39.815 GC heap before
{Heap before GC invocations=32 (full 0):
 garbage-first heap   total 159744K, used 143554K [0x0000000080000000, 0x0000000100000000)
  region size 1024K, 61 young (62464K), 6 survivors (6144K)
 Metaspace       used 102825K, committed 104896K, reserved 1179648K
  class space    used 14469K, committed 15488K, reserved 1048576K
}
Event: 39.825 GC heap after
{Heap after GC invocations=33 (full 0):
 garbage-first heap   total 159744K, used 88161K [0x0000000080000000, 0x0000000100000000)
  region size 1024K, 4 young (4096K), 4 survivors (4096K)
 Metaspace       used 102825K, committed 104896K, reserved 1179648K
  class space    used 14469K, committed 15488K, reserved 1048576K
}
Event: 40.528 GC heap before
{Heap before GC invocations=33 (full 0):
 garbage-first heap   total 159744K, used 145505K [0x0000000080000000, 0x0000000100000000)
  region size 1024K, 60 young (61440K), 4 survivors (4096K)
 Metaspace       used 106444K, committed 108544K, reserved 1179648K
  class space    used 15026K, committed 16064K, reserved 1048576K
}
Event: 40.536 GC heap after
{Heap after GC invocations=34 (full 0):
 garbage-first heap   total 159744K, used 90485K [0x0000000080000000, 0x0000000100000000)
  region size 1024K, 6 young (6144K), 6 survivors (6144K)
 Metaspace       used 106444K, committed 108544K, reserved 1179648K
  class space    used 15026K, committed 16064K, reserved 1048576K
}
Event: 41.426 GC heap before
{Heap before GC invocations=35 (full 0):
 garbage-first heap   total 159744K, used 146805K [0x0000000080000000, 0x0000000100000000)
  region size 1024K, 61 young (62464K), 6 survivors (6144K)
 Metaspace       used 109872K, committed 112064K, reserved 1179648K
  class space    used 15561K, committed 16640K, reserved 1048576K
}
Event: 41.437 GC heap after
{Heap after GC invocations=36 (full 0):
 garbage-first heap   total 159744K, used 93748K [0x0000000080000000, 0x0000000100000000)
  region size 1024K, 8 young (8192K), 8 survivors (8192K)
 Metaspace       used 109872K, committed 112064K, reserved 1179648K
  class space    used 15561K, committed 16640K, reserved 1048576K
}
Event: 42.319 GC heap before
{Heap before GC invocations=36 (full 0):
 garbage-first heap   total 159744K, used 146996K [0x0000000080000000, 0x0000000100000000)
  region size 1024K, 60 young (61440K), 8 survivors (8192K)
 Metaspace       used 114521K, committed 116736K, reserved 1179648K
  class space    used 16239K, committed 17344K, reserved 1048576K
}
Event: 42.332 GC heap after
{Heap after GC invocations=37 (full 0):
 garbage-first heap   total 159744K, used 95354K [0x0000000080000000, 0x0000000100000000)
  region size 1024K, 6 young (6144K), 6 survivors (6144K)
 Metaspace       used 114521K, committed 116736K, reserved 1179648K
  class space    used 16239K, committed 17344K, reserved 1048576K
}
Event: 44.416 GC heap before
{Heap before GC invocations=37 (full 0):
 garbage-first heap   total 159744K, used 147578K [0x0000000080000000, 0x0000000100000000)
  region size 1024K, 58 young (59392K), 6 survivors (6144K)
 Metaspace       used 117487K, committed 119744K, reserved 1179648K
  class space    used 16619K, committed 17728K, reserved 1048576K
}
Event: 44.437 GC heap after
{Heap after GC invocations=38 (full 0):
 garbage-first heap   total 193536K, used 101376K [0x0000000080000000, 0x0000000100000000)
  region size 1024K, 8 young (8192K), 8 survivors (8192K)
 Metaspace       used 117487K, committed 119744K, reserved 1179648K
  class space    used 16619K, committed 17728K, reserved 1048576K
}

